# This is the CMakeCache file.
# For build in directory: /home/arpan/PycharmProjects/RudraProjects/R24Core/CAN-Drivevr/zephyr-can/cmake-build-debug
# It was generated by CMake: /home/arpan/.local/lib/python3.11/site-packages/cmake/data/bin/cmake
# You can edit this file to change values found and used by cmake.
# If you do not want to change any of the values, simply exit the editor.
# If you do want to change a value, simply edit, save, and exit the editor.
# The syntax for the file is as follows:
# KEY:TYPE=VALUE
# KEY is the name of a variable in the cache.
# TYPE is a hint to GUIs for the type of VALUE, DO NOT EDIT TYPE!.
# VALUE is the current value for the KEY.

########################
# EXTERNAL cache entries
########################

//Application Binary Directory
APPLICATION_BINARY_DIR:PATH=/home/arpan/PycharmProjects/RudraProjects/R24Core/CAN-Drivevr/zephyr-can/cmake-build-debug

//Application Source Directory
APPLICATION_SOURCE_DIR:PATH=/home/arpan/PycharmProjects/RudraProjects/R24Core/CAN-Drivevr/zephyr-can

//Path to a program.
CCACHE_FOUND:FILEPATH=/usr/bin/ccache

//No help, variable specified on the command line.
CMAKE_BUILD_TYPE:UNINITIALIZED=Debug

//Value Computed by CMake.
CMAKE_FIND_PACKAGE_REDIRECTS_DIR:STATIC=/home/arpan/PycharmProjects/RudraProjects/R24Core/CAN-Drivevr/zephyr-can/cmake-build-debug/CMakeFiles/pkgRedirects

//No help, variable specified on the command line.
CMAKE_MAKE_PROGRAM:UNINITIALIZED=/opt/clion/bin/ninja/linux/x64/ninja

//Path to a program.
PYTHON_PREFER_EXECUTABLE:FILEPATH=/usr/bin/python

//Zephyr base
ZEPHYR_BASE:PATH=/home/arpan/PycharmProjects/RudraProjects/R24Core/zephyrproject/zephyr

//The directory containing a CMake configuration file for ZephyrBuildConfiguration.
ZephyrBuildConfiguration_DIR:PATH=ZephyrBuildConfiguration_DIR-NOTFOUND

//The directory containing a CMake configuration file for Zephyr.
Zephyr_DIR:PATH=/home/arpan/PycharmProjects/RudraProjects/R24Core/zephyrproject/zephyr/share/zephyr-package/cmake


########################
# INTERNAL cache entries
########################

//This is the directory where this CMakeCache.txt was created
CMAKE_CACHEFILE_DIR:INTERNAL=/home/arpan/PycharmProjects/RudraProjects/R24Core/CAN-Drivevr/zephyr-can/cmake-build-debug
//Major version of cmake used to create the current loaded cache
CMAKE_CACHE_MAJOR_VERSION:INTERNAL=3
//Minor version of cmake used to create the current loaded cache
CMAKE_CACHE_MINOR_VERSION:INTERNAL=26
//Patch version of cmake used to create the current loaded cache
CMAKE_CACHE_PATCH_VERSION:INTERNAL=4
//Path to CMake executable.
CMAKE_COMMAND:INTERNAL=/home/arpan/.local/lib/python3.11/site-packages/cmake/data/bin/cmake
//Path to cpack program executable.
CMAKE_CPACK_COMMAND:INTERNAL=/home/arpan/.local/lib/python3.11/site-packages/cmake/data/bin/cpack
//Path to ctest program executable.
CMAKE_CTEST_COMMAND:INTERNAL=/home/arpan/.local/lib/python3.11/site-packages/cmake/data/bin/ctest
//Name of external makefile project generator.
CMAKE_EXTRA_GENERATOR:INTERNAL=
//Name of generator.
CMAKE_GENERATOR:INTERNAL=Ninja
//Generator instance identifier.
CMAKE_GENERATOR_INSTANCE:INTERNAL=
//Name of generator platform.
CMAKE_GENERATOR_PLATFORM:INTERNAL=
//Name of generator toolset.
CMAKE_GENERATOR_TOOLSET:INTERNAL=
//Source directory with the top level CMakeLists.txt file for this
// project
CMAKE_HOME_DIRECTORY:INTERNAL=/home/arpan/PycharmProjects/RudraProjects/R24Core/CAN-Drivevr/zephyr-can
//number of local generators
CMAKE_NUMBER_OF_MAKEFILES:INTERNAL=1
//Path to CMake installation.
CMAKE_ROOT:INTERNAL=/home/arpan/.local/lib/python3.11/site-packages/cmake/data/share/cmake-3.26
//Details about finding Python3
FIND_PACKAGE_MESSAGE_DETAILS_Python3:INTERNAL=[/usr/bin/python3.11][cfound components: Interpreter ][v3.11.3(3.11)]
//West
WEST:INTERNAL=WEST-NOTFOUND
//Compiler reason failure
_Python3_Compiler_REASON_FAILURE:INTERNAL=
//Development reason failure
_Python3_Development_REASON_FAILURE:INTERNAL=
//Path to a program.
_Python3_EXECUTABLE:INTERNAL=/usr/bin/python3.11
//Python3 Properties
_Python3_INTERPRETER_PROPERTIES:INTERNAL=Python;3;11;3;64;;cpython-311-x86_64-linux-gnu.so;abi3;/usr/lib/python3.11;/usr/lib/python3.11;/usr/lib/python3.11/site-packages;/usr/lib/python3.11/site-packages
_Python3_INTERPRETER_SIGNATURE:INTERNAL=3239196702bb9bea75667d5eee07088e
//NumPy reason failure
_Python3_NumPy_REASON_FAILURE:INTERNAL=

